<?xml version="1.0" encoding="UTF-8" standalone="no"?>
<?xml-stylesheet href="../../../../../main/resources/org/requs/exec/srs.xsl" type="text/xsl"?>
<spec>
    <requs>
        <version>2.0-SNAPSHOT</version>
        <revision>26172a6</revision>
        <date>2014-03-23 16:51</date>
    </requs>
    <build>
        <duration>485</duration>
        <time>2014-03-23T16:51:48</time>
    </build>
    <types>
        <type>
            <name>SuD</name>
            <mentioned>
                <where>1</where>
            </mentioned>
            <info>
                <informal>a web hosting that deploys itself</informal>
            </info>
        </type>
        <type>
            <name>User</name>
            <methods>
                <method>
                    <id>UC1</id>
                    <mentioned>
                        <where>3</where>
                    </mentioned>
                    <args>
                        <arg>
                            <name>user</name>
                            <type>User</type>
                            <kind>SELF</kind>
                        </arg>
                        <arg>
                            <name>repo</name>
                            <type>Repository</type>
                            <kind>SELF</kind>
                        </arg>
                    </args>
                    <signature>hosts</signature>
                    <steps>
                        <step>
                            <number>1</number>
                            <mentioned>
                                <where>4</where>
                            </mentioned>
                            <object>user</object>
                            <signature>creates</signature>
                            <result>repo</result>
                        </step>
                        <step>
                            <number>2</number>
                            <mentioned>
                                <where>5</where>
                            </mentioned>
                            <object>SuD</object>
                            <signature>"deploys"</signature>
                            <result>repo</result>
                        </step>
                        <step>
                            <number>3</number>
                            <mentioned>
                                <where>6</where>
                            </mentioned>
                            <object>user</object>
                            <signature>"reads deployment logs"</signature>
                            <args>
                                <arg>repo</arg>
                            </args>
                        </step>
                        <step>
                            <number>4</number>
                            <mentioned>
                                <where>7</where>
                            </mentioned>
                            <object>user</object>
                            <signature>"reads traffic stats"</signature>
                            <args>
                                <arg>repo</arg>
                            </args>
                        </step>
                        <step>
                            <number>5</number>
                            <mentioned>
                                <where>8</where>
                            </mentioned>
                            <object>user</object>
                            <signature>deletes</signature>
                            <result>repo</result>
                        </step>
                    </steps>
                </method>
            </methods>
            <slots>
                <slot>
                    <name>repo</name>
                    <mentioned>
                        <where>11</where>
                    </mentioned>
                    <arity>ANY</arity>
                    <type>Repository</type>
                </slot>
                <slot>
                    <name>URN</name>
                    <mentioned>
                        <where>12</where>
                    </mentioned>
                    <info>
                        <informal>a unique identifier of itself, for example urn:github:526301</informal>
                    </info>
                </slot>
            </slots>
        </type>
        <type>
            <name>Repository</name>
            <slots>
                <slot>
                    <name>name</name>
                    <mentioned>
                        <where>15</where>
                    </mentioned>
                    <info>
                        <informal>a unique name of the repo in Thindeck</informal>
                    </info>
                </slot>
                <slot>
                    <name>URI</name>
                    <mentioned>
                        <where>16</where>
                    </mentioned>
                    <info>
                        <informal>a non-ambiguous descriptor of a repo, for example ssh://git@github:yegor256/thindeck.git</informal>
                    </info>
                </slot>
                <slot>
                    <name>key</name>
                    <mentioned>
                        <where>17</where>
                    </mentioned>
                    <info>
                        <informal>a private SSH key, see http://en.wikipedia.org/wiki/Public-key_cryptography</informal>
                    </info>
                </slot>
            </slots>
        </type>
    </types>
    <errors/>
</spec>
